<?xml version="1.0" encoding="UTF-8"?>
<testsuite xmlns:xsi="http://www.w3.org/2001/XMLSchema-instance" xsi:noNamespaceSchemaLocation="https://maven.apache.org/surefire/maven-surefire-plugin/xsd/surefire-test-report-3.0.xsd" version="3.0" name="org.springframework.samples.petclinic.PostgresIntegrationTests" time="51.643" tests="2" errors="0" skipped="0" failures="0">
  <properties>
[...]
</properties>
  <testcase name="testFindAll" classname="org.springframework.samples.petclinic.PostgresIntegrationTests" time="1.041">
    <system-out><![CDATA[20:47:43.087 [main] INFO org.springframework.test.context.support.AnnotationConfigContextLoaderUtils -- Could not detect default configuration classes for test class [org.springframework.samples.petclinic.PostgresIntegrationTests]: PostgresIntegrationTests does not declare any static, non-private, non-final, nested classes annotated with @Configuration.
20:47:43.376 [main] INFO org.springframework.boot.test.context.SpringBootTestContextBootstrapper -- Found @SpringBootConfiguration org.springframework.samples.petclinic.PetClinicApplication for test class org.springframework.samples.petclinic.PostgresIntegrationTests
20:47:44.957 [main] INFO org.testcontainers.dockerclient.DockerClientProviderStrategy -- Found Docker environment with local Unix socket (unix:///var/run/docker.sock)
20:47:44.970 [main] INFO org.testcontainers.DockerClientFactory -- Docker host IP address is localhost
20:47:44.987 [main] INFO org.testcontainers.DockerClientFactory -- Connected to docker: 
  Server Version: 24.0.7
  API Version: 1.43
  Operating System: Ubuntu 20.04.6 LTS
  Total Memory: 31495 MB
20:47:45.007 [main] INFO org.testcontainers.utility.ImageNameSubstitutor -- Image name substitution will be performed by: DefaultImageNameSubstitutor (composite of 'ConfigurationFileImageNameSubstitutor' and 'PrefixingImageNameSubstitutor')
20:47:45.045 [main] INFO tc.testcontainers/ryuk:0.5.1 -- Pulling docker image: testcontainers/ryuk:0.5.1. Please be patient; this may take some time but only needs to be done once.
20:47:47.569 [docker-java-stream--1564187269] INFO tc.testcontainers/ryuk:0.5.1 -- Starting to pull image
20:47:47.595 [docker-java-stream--1564187269] INFO tc.testcontainers/ryuk:0.5.1 -- Pulling image layers:  0 pending,  0 downloaded,  0 extracted, (0 bytes/0 bytes)
20:47:49.200 [docker-java-stream--1564187269] INFO tc.testcontainers/ryuk:0.5.1 -- Pulling image layers:  2 pending,  1 downloaded,  0 extracted, (789 KB/? MB)
20:47:49.749 [docker-java-stream--1564187269] INFO tc.testcontainers/ryuk:0.5.1 -- Pulling image layers:  1 pending,  2 downloaded,  0 extracted, (4 MB/? MB)
20:47:49.976 [docker-java-stream--1564187269] INFO tc.testcontainers/ryuk:0.5.1 -- Pulling image layers:  0 pending,  3 downloaded,  0 extracted, (5 MB/5 MB)
20:47:50.068 [docker-java-stream--1564187269] INFO tc.testcontainers/ryuk:0.5.1 -- Pulling image layers:  0 pending,  3 downloaded,  1 extracted, (5 MB/5 MB)
20:47:50.126 [docker-java-stream--1564187269] INFO tc.testcontainers/ryuk:0.5.1 -- Pulling image layers:  0 pending,  3 downloaded,  2 extracted, (5 MB/5 MB)
20:47:50.185 [docker-java-stream--1564187269] INFO tc.testcontainers/ryuk:0.5.1 -- Pulling image layers:  0 pending,  3 downloaded,  3 extracted, (5 MB/5 MB)
20:47:50.201 [docker-java-stream--1564187269] INFO tc.testcontainers/ryuk:0.5.1 -- Pull complete. 3 layers, pulled in 2s (downloaded 5 MB at 2 MB/s)
20:47:50.236 [main] INFO tc.testcontainers/ryuk:0.5.1 -- Creating container for image: testcontainers/ryuk:0.5.1
20:47:50.439 [main] INFO tc.testcontainers/ryuk:0.5.1 -- Container testcontainers/ryuk:0.5.1 is starting: be7faa9e7b652ba2573314f125cab561bbd4c17bbe28934c9b2bbcf14d125960
20:47:50.842 [main] INFO tc.testcontainers/ryuk:0.5.1 -- Container testcontainers/ryuk:0.5.1 started in PT5.827397954S
20:47:50.848 [main] INFO org.testcontainers.utility.RyukResourceReaper -- Ryuk started - will monitor and terminate Testcontainers containers on JVM exit
20:47:50.848 [main] INFO org.testcontainers.DockerClientFactory -- Checking the system...
20:47:50.850 [main] INFO org.testcontainers.DockerClientFactory -- ✔︎ Docker server version should be at least 1.6.0


              |\      _,,,--,,_
             /,`.-'`'   ._  \-;;,_
  _______ __|,4-  ) )_   .;.(__`'-'__     ___ __    _ ___ _______
 |       | '---''(_/._)-'(_\_)   |   |   |   |  |  | |   |       |
 |    _  |    ___|_     _|       |   |   |   |   |_| |   |       | __ _ _
 |   |_| |   |___  |   | |       |   |   |   |       |   |       | \ \ \ \
 |    ___|    ___| |   | |      _|   |___|   |  _    |   |      _|  \ \ \ \
 |   |   |   |___  |   | |     |_|       |   | | |   |   |     |_    ) ) ) )
 |___|   |_______| |___| |_______|_______|___|_|  |__|___|_______|  / / / /
 ==================================================================/_/_/_/

:: Built with Spring Boot :: 3.1.3


2023-11-07T20:47:51.370-03:00  INFO 831014 --- [           main] o.s.s.p.PostgresIntegrationTests         : Starting PostgresIntegrationTests using Java 17.0.8.1 with PID 831014 (started by joao-prado in /home/joao-prado/Desktop/estudo/jenkins/spring-petclinic)
2023-11-07T20:47:51.372-03:00  INFO 831014 --- [           main] o.s.s.p.PostgresIntegrationTests         : The following 1 profile is active: "postgres"
2023-11-07T20:47:51.449-03:00  INFO 831014 --- [           main] .s.b.d.c.l.DockerComposeLifecycleManager : Using Docker Compose file '/home/joao-prado/Desktop/estudo/jenkins/spring-petclinic/docker-compose.yml'
2023-11-07T20:47:52.338-03:00  INFO 831014 --- [utReader-stderr] o.s.boot.docker.compose.core.DockerCli   :  postgres Pulling 
2023-11-07T20:47:54.929-03:00  INFO 831014 --- [utReader-stderr] o.s.boot.docker.compose.core.DockerCli   :  648e0aadf75a Pulling fs layer 
2023-11-07T20:47:54.929-03:00  INFO 831014 --- [utReader-stderr] o.s.boot.docker.compose.core.DockerCli   :  f715c8c55756 Pulling fs layer 
2023-11-07T20:47:54.930-03:00  INFO 831014 --- [utReader-stderr] o.s.boot.docker.compose.core.DockerCli   :  b11a1dc32c8c Pulling fs layer 
2023-11-07T20:47:54.930-03:00  INFO 831014 --- [utReader-stderr] o.s.boot.docker.compose.core.DockerCli   :  f29e8ba9d17c Pulling fs layer 
2023-11-07T20:47:54.930-03:00  INFO 831014 --- [utReader-stderr] o.s.boot.docker.compose.core.DockerCli   :  78af88a8afb0 Pulling fs layer 
2023-11-07T20:47:54.930-03:00  INFO 831014 --- [utReader-stderr] o.s.boot.docker.compose.core.DockerCli   :  b74279c188d9 Pulling fs layer 
2023-11-07T20:47:54.930-03:00  INFO 831014 --- [utReader-stderr] o.s.boot.docker.compose.core.DockerCli   :  6e3e5bf64fd2 Pulling fs layer 
2023-11-07T20:47:54.930-03:00  INFO 831014 --- [utReader-stderr] o.s.boot.docker.compose.core.DockerCli   :  b62a2c2d2ce5 Pulling fs layer 
2023-11-07T20:47:54.931-03:00  INFO 831014 --- [utReader-stderr] o.s.boot.docker.compose.core.DockerCli   :  eba91ca3c7a3 Pulling fs layer 
2023-11-07T20:47:54.931-03:00  INFO 831014 --- [utReader-stderr] o.s.boot.docker.compose.core.DockerCli   :  d4a24cdf2433 Pulling fs layer 
2023-11-07T20:47:54.931-03:00  INFO 831014 --- [utReader-stderr] o.s.boot.docker.compose.core.DockerCli   :  b20f8a8dfd5c Pulling fs layer 
2023-11-07T20:47:54.931-03:00  INFO 831014 --- [utReader-stderr] o.s.boot.docker.compose.core.DockerCli   :  e0731dd084c3 Pulling fs layer 
2023-11-07T20:47:54.931-03:00  INFO 831014 --- [utReader-stderr] o.s.boot.docker.compose.core.DockerCli   :  0361da6a228e Pulling fs layer 
2023-11-07T20:47:54.931-03:00  INFO 831014 --- [utReader-stderr] o.s.boot.docker.compose.core.DockerCli   :  78af88a8afb0 Waiting 
2023-11-07T20:47:54.931-03:00  INFO 831014 --- [utReader-stderr] o.s.boot.docker.compose.core.DockerCli   :  e0731dd084c3 Waiting 
2023-11-07T20:47:54.931-03:00  INFO 831014 --- [utReader-stderr] o.s.boot.docker.compose.core.DockerCli   :  d4a24cdf2433 Waiting 
2023-11-07T20:47:54.932-03:00  INFO 831014 --- [utReader-stderr] o.s.boot.docker.compose.core.DockerCli   :  b74279c188d9 Waiting 
2023-11-07T20:47:54.932-03:00  INFO 831014 --- [utReader-stderr] o.s.boot.docker.compose.core.DockerCli   :  6e3e5bf64fd2 Waiting 
2023-11-07T20:47:54.932-03:00  INFO 831014 --- [utReader-stderr] o.s.boot.docker.compose.core.DockerCli   :  b20f8a8dfd5c Waiting 
2023-11-07T20:47:54.932-03:00  INFO 831014 --- [utReader-stderr] o.s.boot.docker.compose.core.DockerCli   :  eba91ca3c7a3 Waiting 
2023-11-07T20:47:54.932-03:00  INFO 831014 --- [utReader-stderr] o.s.boot.docker.compose.core.DockerCli   :  0361da6a228e Waiting 
2023-11-07T20:47:54.932-03:00  INFO 831014 --- [utReader-stderr] o.s.boot.docker.compose.core.DockerCli   :  b62a2c2d2ce5 Waiting 
2023-11-07T20:47:54.932-03:00  INFO 831014 --- [utReader-stderr] o.s.boot.docker.compose.core.DockerCli   :  f29e8ba9d17c Waiting 
2023-11-07T20:47:55.661-03:00  INFO 831014 --- [utReader-stderr] o.s.boot.docker.compose.core.DockerCli   :  b11a1dc32c8c Downloading [>                                                  ]   47.1kB/4.619MB
2023-11-07T20:47:55.723-03:00  INFO 831014 --- [utReader-stderr] o.s.boot.docker.compose.core.DockerCli   :  f715c8c55756 Downloading [==============================>                    ]     733B/1.214kB
2023-11-07T20:47:55.724-03:00  INFO 831014 --- [utReader-stderr] o.s.boot.docker.compose.core.DockerCli   :  f715c8c55756 Downloading [==================================================>]  1.214kB/1.214kB
2023-11-07T20:47:55.724-03:00  INFO 831014 --- [utReader-stderr] o.s.boot.docker.compose.core.DockerCli   :  f715c8c55756 Download complete 
2023-11-07T20:47:55.782-03:00  INFO 831014 --- [utReader-stderr] o.s.boot.docker.compose.core.DockerCli   :  b11a1dc32c8c Downloading [=======>                                           ]  734.1kB/4.619MB
2023-11-07T20:47:55.889-03:00  INFO 831014 --- [utReader-stderr] o.s.boot.docker.compose.core.DockerCli   :  b11a1dc32c8c Downloading [=================>                                 ]  1.619MB/4.619MB
2023-11-07T20:47:56.015-03:00  INFO 831014 --- [utReader-stderr] o.s.boot.docker.compose.core.DockerCli   :  b11a1dc32c8c Downloading [===========================>                       ]  2.504MB/4.619MB
2023-11-07T20:47:56.115-03:00  INFO 831014 --- [utReader-stderr] o.s.boot.docker.compose.core.DockerCli   :  b11a1dc32c8c Downloading [======================================>            ]  3.585MB/4.619MB
2023-11-07T20:47:56.213-03:00  INFO 831014 --- [utReader-stderr] o.s.boot.docker.compose.core.DockerCli   :  b11a1dc32c8c Verifying Checksum 
2023-11-07T20:47:56.213-03:00  INFO 831014 --- [utReader-stderr] o.s.boot.docker.compose.core.DockerCli   :  b11a1dc32c8c Download complete 
2023-11-07T20:47:56.340-03:00  INFO 831014 --- [utReader-stderr] o.s.boot.docker.compose.core.DockerCli   :  648e0aadf75a Downloading [>                                                  ]  294.2kB/29.12MB
2023-11-07T20:47:56.441-03:00  INFO 831014 --- [utReader-stderr] o.s.boot.docker.compose.core.DockerCli   :  648e0aadf75a Downloading [==>                                                ]  1.186MB/29.12MB
2023-11-07T20:47:56.548-03:00  INFO 831014 --- [utReader-stderr] o.s.boot.docker.compose.core.DockerCli   :  648e0aadf75a Downloading [====>                                              ]  2.374MB/29.12MB
2023-11-07T20:47:56.685-03:00  INFO 831014 --- [utReader-stderr] o.s.boot.docker.compose.core.DockerCli   :  f29e8ba9d17c Downloading [>                                                  ]  15.62kB/1.445MB
2023-11-07T20:47:56.697-03:00  INFO 831014 --- [utReader-stderr] o.s.boot.docker.compose.core.DockerCli   :  648e0aadf75a Downloading [====>                                              ]  2.669MB/29.12MB
2023-11-07T20:47:56.798-03:00  INFO 831014 --- [utReader-stderr] o.s.boot.docker.compose.core.DockerCli   :  648e0aadf75a Downloading [=======>                                           ]  4.148MB/29.12MB
2023-11-07T20:47:56.953-03:00  INFO 831014 --- [utReader-stderr] o.s.boot.docker.compose.core.DockerCli   :  f29e8ba9d17c Downloading [===>                                               ]  114.3kB/1.445MB
2023-11-07T20:47:57.069-03:00  INFO 831014 --- [utReader-stderr] o.s.boot.docker.compose.core.DockerCli   :  f29e8ba9d17c Downloading [==============>                                    ]  412.9kB/1.445MB
2023-11-07T20:47:57.075-03:00  INFO 831014 --- [utReader-stderr] o.s.boot.docker.compose.core.DockerCli   :  648e0aadf75a Downloading [========>                                          ]  4.737MB/29.12MB
2023-11-07T20:47:57.174-03:00  INFO 831014 --- [utReader-stderr] o.s.boot.docker.compose.core.DockerCli   :  f29e8ba9d17c Downloading [======================================>            ]  1.125MB/1.445MB
2023-11-07T20:47:57.214-03:00  INFO 831014 --- [utReader-stderr] o.s.boot.docker.compose.core.DockerCli   :  648e0aadf75a Downloading [===========>                                       ]  6.519MB/29.12MB
2023-11-07T20:47:57.228-03:00  INFO 831014 --- [utReader-stderr] o.s.boot.docker.compose.core.DockerCli   :  f29e8ba9d17c Download complete 
2023-11-07T20:47:57.326-03:00  INFO 831014 --- [utReader-stderr] o.s.boot.docker.compose.core.DockerCli   :  78af88a8afb0 Downloading [>                                                  ]  81.71kB/8.065MB
2023-11-07T20:47:57.418-03:00  INFO 831014 --- [utReader-stderr] o.s.boot.docker.compose.core.DockerCli   :  648e0aadf75a Downloading [=============>                                     ]   8.01MB/29.12MB
2023-11-07T20:47:57.482-03:00  INFO 831014 --- [utReader-stderr] o.s.boot.docker.compose.core.DockerCli   :  78af88a8afb0 Downloading [=>                                                 ]    245kB/8.065MB
2023-11-07T20:47:57.643-03:00  INFO 831014 --- [utReader-stderr] o.s.boot.docker.compose.core.DockerCli   :  648e0aadf75a Downloading [==============>                                    ]  8.305MB/29.12MB
2023-11-07T20:47:57.712-03:00  INFO 831014 --- [utReader-stderr] o.s.boot.docker.compose.core.DockerCli   :  78af88a8afb0 Downloading [===>                                               ]  490.8kB/8.065MB
2023-11-07T20:47:57.765-03:00  INFO 831014 --- [utReader-stderr] o.s.boot.docker.compose.core.DockerCli   :  648e0aadf75a Downloading [=================>                                 ]  10.37MB/29.12MB
2023-11-07T20:47:57.812-03:00  INFO 831014 --- [utReader-stderr] o.s.boot.docker.compose.core.DockerCli   :  78af88a8afb0 Downloading [========>                                          ]   1.31MB/8.065MB
2023-11-07T20:47:57.872-03:00  INFO 831014 --- [utReader-stderr] o.s.boot.docker.compose.core.DockerCli   :  648e0aadf75a Downloading [===================>                               ]  11.55MB/29.12MB
2023-11-07T20:47:57.931-03:00  INFO 831014 --- [utReader-stderr] o.s.boot.docker.compose.core.DockerCli   :  78af88a8afb0 Downloading [=========>                                         ]  1.473MB/8.065MB
2023-11-07T20:47:58.040-03:00  INFO 831014 --- [utReader-stderr] o.s.boot.docker.compose.core.DockerCli   :  78af88a8afb0 Downloading [==============>                                    ]  2.386MB/8.065MB
2023-11-07T20:47:58.178-03:00  INFO 831014 --- [utReader-stderr] o.s.boot.docker.compose.core.DockerCli   :  78af88a8afb0 Downloading [===============>                                   ]   2.55MB/8.065MB
2023-11-07T20:47:58.183-03:00  INFO 831014 --- [utReader-stderr] o.s.boot.docker.compose.core.DockerCli   :  648e0aadf75a Downloading [====================>                              ]  11.84MB/29.12MB
2023-11-07T20:47:58.277-03:00  INFO 831014 --- [utReader-stderr] o.s.boot.docker.compose.core.DockerCli   :  b74279c188d9 Downloading [>                                                  ]  14.42kB/1.406MB
2023-11-07T20:47:58.320-03:00  INFO 831014 --- [utReader-stderr] o.s.boot.docker.compose.core.DockerCli   :  648e0aadf75a Downloading [======================>                            ]  13.33MB/29.12MB
2023-11-07T20:47:58.461-03:00  INFO 831014 --- [utReader-stderr] o.s.boot.docker.compose.core.DockerCli   :  648e0aadf75a Downloading [=======================>                           ]  13.92MB/29.12MB
2023-11-07T20:47:58.547-03:00  INFO 831014 --- [utReader-stderr] o.s.boot.docker.compose.core.DockerCli   :  b74279c188d9 Downloading [==========>                                        ]  291.7kB/1.406MB
2023-11-07T20:47:58.628-03:00  INFO 831014 --- [utReader-stderr] o.s.boot.docker.compose.core.DockerCli   :  78af88a8afb0 Downloading [======================>                            ]  3.627MB/8.065MB
2023-11-07T20:47:58.669-03:00  INFO 831014 --- [utReader-stderr] o.s.boot.docker.compose.core.DockerCli   :  648e0aadf75a Downloading [=========================>                         ]  14.81MB/29.12MB
2023-11-07T20:47:58.686-03:00  INFO 831014 --- [utReader-stderr] o.s.boot.docker.compose.core.DockerCli   :  b74279c188d9 Downloading [===================================>               ]  1.009MB/1.406MB
2023-11-07T20:47:58.767-03:00  INFO 831014 --- [utReader-stderr] o.s.boot.docker.compose.core.DockerCli   :  b74279c188d9 Verifying Checksum 
2023-11-07T20:47:58.767-03:00  INFO 831014 --- [utReader-stderr] o.s.boot.docker.compose.core.DockerCli   :  b74279c188d9 Download complete 
2023-11-07T20:47:58.806-03:00  INFO 831014 --- [utReader-stderr] o.s.boot.docker.compose.core.DockerCli   :  648e0aadf75a Downloading [===========================>                       ]  16.29MB/29.12MB
2023-11-07T20:47:59.042-03:00  INFO 831014 --- [utReader-stderr] o.s.boot.docker.compose.core.DockerCli   :  78af88a8afb0 Downloading [================================>                  ]  5.208MB/8.065MB
2023-11-07T20:47:59.108-03:00  INFO 831014 --- [utReader-stderr] o.s.boot.docker.compose.core.DockerCli   :  648e0aadf75a Downloading [============================>                      ]  16.59MB/29.12MB
2023-11-07T20:47:59.189-03:00  INFO 831014 --- [utReader-stderr] o.s.boot.docker.compose.core.DockerCli   :  78af88a8afb0 Downloading [==========================================>        ]  6.777MB/8.065MB
2023-11-07T20:47:59.209-03:00  INFO 831014 --- [utReader-stderr] o.s.boot.docker.compose.core.DockerCli   :  648e0aadf75a Downloading [===============================>                   ]  18.36MB/29.12MB
2023-11-07T20:47:59.290-03:00  INFO 831014 --- [utReader-stderr] o.s.boot.docker.compose.core.DockerCli   :  78af88a8afb0 Downloading [=============================================>     ]  7.351MB/8.065MB
2023-11-07T20:47:59.325-03:00  INFO 831014 --- [utReader-stderr] o.s.boot.docker.compose.core.DockerCli   :  648e0aadf75a Downloading [=================================>                 ]  19.24MB/29.12MB
2023-11-07T20:47:59.391-03:00  INFO 831014 --- [utReader-stderr] o.s.boot.docker.compose.core.DockerCli   :  78af88a8afb0 Downloading [=================================================> ]  8.018MB/8.065MB
2023-11-07T20:47:59.394-03:00  INFO 831014 --- [utReader-stderr] o.s.boot.docker.compose.core.DockerCli   :  78af88a8afb0 Verifying Checksum 
2023-11-07T20:47:59.394-03:00  INFO 831014 --- [utReader-stderr] o.s.boot.docker.compose.core.DockerCli   :  78af88a8afb0 Download complete 
2023-11-07T20:47:59.490-03:00  INFO 831014 --- [utReader-stderr] o.s.boot.docker.compose.core.DockerCli   :  648e0aadf75a Downloading [==================================>                ]  20.14MB/29.12MB
2023-11-07T20:47:59.599-03:00  INFO 831014 --- [utReader-stderr] o.s.boot.docker.compose.core.DockerCli   :  648e0aadf75a Downloading [=====================================>             ]  21.61MB/29.12MB
2023-11-07T20:47:59.702-03:00  INFO 831014 --- [utReader-stderr] o.s.boot.docker.compose.core.DockerCli   :  648e0aadf75a Downloading [======================================>            ]  22.21MB/29.12MB
2023-11-07T20:47:59.868-03:00  INFO 831014 --- [utReader-stderr] o.s.boot.docker.compose.core.DockerCli   :  648e0aadf75a Downloading [========================================>          ]  23.69MB/29.12MB
2023-11-07T20:47:59.976-03:00  INFO 831014 --- [utReader-stderr] o.s.boot.docker.compose.core.DockerCli   :  648e0aadf75a Downloading [===========================================>       ]  25.18MB/29.12MB
2023-11-07T20:48:00.086-03:00  INFO 831014 --- [utReader-stderr] o.s.boot.docker.compose.core.DockerCli   :  648e0aadf75a Downloading [============================================>      ]  26.07MB/29.12MB
2023-11-07T20:48:00.122-03:00  INFO 831014 --- [utReader-stderr] o.s.boot.docker.compose.core.DockerCli   :  6e3e5bf64fd2 Downloading [==================================================>]     149B/149B
2023-11-07T20:48:00.123-03:00  INFO 831014 --- [utReader-stderr] o.s.boot.docker.compose.core.DockerCli   :  6e3e5bf64fd2 Download complete 
2023-11-07T20:48:00.196-03:00  INFO 831014 --- [utReader-stderr] o.s.boot.docker.compose.core.DockerCli   :  648e0aadf75a Downloading [===============================================>   ]  27.55MB/29.12MB
2023-11-07T20:48:00.297-03:00  INFO 831014 --- [utReader-stderr] o.s.boot.docker.compose.core.DockerCli   :  648e0aadf75a Downloading [================================================>  ]  28.44MB/29.12MB
2023-11-07T20:48:00.338-03:00  INFO 831014 --- [utReader-stderr] o.s.boot.docker.compose.core.DockerCli   :  648e0aadf75a Verifying Checksum 
2023-11-07T20:48:00.338-03:00  INFO 831014 --- [utReader-stderr] o.s.boot.docker.compose.core.DockerCli   :  648e0aadf75a Download complete 
2023-11-07T20:48:00.356-03:00  INFO 831014 --- [utReader-stderr] o.s.boot.docker.compose.core.DockerCli   :  648e0aadf75a Extracting [>                                                  ]  294.9kB/29.12MB
2023-11-07T20:48:00.424-03:00  INFO 831014 --- [utReader-stderr] o.s.boot.docker.compose.core.DockerCli   :  b62a2c2d2ce5 Downloading [===========>                                       ]     720B/3.196kB
2023-11-07T20:48:00.424-03:00  INFO 831014 --- [utReader-stderr] o.s.boot.docker.compose.core.DockerCli   :  b62a2c2d2ce5 Downloading [==================================================>]  3.196kB/3.196kB
2023-11-07T20:48:00.424-03:00  INFO 831014 --- [utReader-stderr] o.s.boot.docker.compose.core.DockerCli   :  b62a2c2d2ce5 Download complete 
2023-11-07T20:48:00.463-03:00  INFO 831014 --- [utReader-stderr] o.s.boot.docker.compose.core.DockerCli   :  648e0aadf75a Extracting [===========>                                       ]  6.783MB/29.12MB
2023-11-07T20:48:00.567-03:00  INFO 831014 --- [utReader-stderr] o.s.boot.docker.compose.core.DockerCli   :  648e0aadf75a Extracting [==================>                                ]  10.91MB/29.12MB
2023-11-07T20:48:00.668-03:00  INFO 831014 --- [utReader-stderr] o.s.boot.docker.compose.core.DockerCli   :  648e0aadf75a Extracting [==============================>                    ]  17.99MB/29.12MB
2023-11-07T20:48:00.776-03:00  INFO 831014 --- [utReader-stderr] o.s.boot.docker.compose.core.DockerCli   :  648e0aadf75a Extracting [==========================================>        ]  24.48MB/29.12MB
2023-11-07T20:48:00.880-03:00  INFO 831014 --- [utReader-stderr] o.s.boot.docker.compose.core.DockerCli   :  648e0aadf75a Extracting [==============================================>    ]  26.84MB/29.12MB
2023-11-07T20:48:01.018-03:00  INFO 831014 --- [utReader-stderr] o.s.boot.docker.compose.core.DockerCli   :  eba91ca3c7a3 Downloading [>                                                  ]  537.5kB/104.2MB
2023-11-07T20:48:01.065-03:00  INFO 831014 --- [utReader-stderr] o.s.boot.docker.compose.core.DockerCli   :  648e0aadf75a Extracting [================================================>  ]  28.31MB/29.12MB
2023-11-07T20:48:01.133-03:00  INFO 831014 --- [utReader-stderr] o.s.boot.docker.compose.core.DockerCli   :  648e0aadf75a Extracting [==================================================>]  29.12MB/29.12MB
2023-11-07T20:48:01.141-03:00  INFO 831014 --- [utReader-stderr] o.s.boot.docker.compose.core.DockerCli   :  b20f8a8dfd5c Downloading [==================================================>]     130B/130B
2023-11-07T20:48:01.141-03:00  INFO 831014 --- [utReader-stderr] o.s.boot.docker.compose.core.DockerCli   :  b20f8a8dfd5c Verifying Checksum 
2023-11-07T20:48:01.142-03:00  INFO 831014 --- [utReader-stderr] o.s.boot.docker.compose.core.DockerCli   :  b20f8a8dfd5c Download complete 
2023-11-07T20:48:01.169-03:00  INFO 831014 --- [utReader-stderr] o.s.boot.docker.compose.core.DockerCli   :  eba91ca3c7a3 Downloading [=>                                                 ]  2.155MB/104.2MB
2023-11-07T20:48:01.175-03:00  INFO 831014 --- [utReader-stderr] o.s.boot.docker.compose.core.DockerCli   :  648e0aadf75a Pull complete 
2023-11-07T20:48:01.179-03:00  INFO 831014 --- [utReader-stderr] o.s.boot.docker.compose.core.DockerCli   :  f715c8c55756 Extracting [==================================================>]  1.214kB/1.214kB
2023-11-07T20:48:01.179-03:00  INFO 831014 --- [utReader-stderr] o.s.boot.docker.compose.core.DockerCli   :  f715c8c55756 Extracting [==================================================>]  1.214kB/1.214kB
2023-11-07T20:48:01.196-03:00  INFO 831014 --- [utReader-stderr] o.s.boot.docker.compose.core.DockerCli   :  f715c8c55756 Pull complete 
2023-11-07T20:48:01.200-03:00  INFO 831014 --- [utReader-stderr] o.s.boot.docker.compose.core.DockerCli   :  b11a1dc32c8c Extracting [>                                                  ]  65.54kB/4.619MB
2023-11-07T20:48:01.206-03:00  INFO 831014 --- [utReader-stderr] o.s.boot.docker.compose.core.DockerCli   :  d4a24cdf2433 Downloading [===>                                               ]     720B/9.784kB
2023-11-07T20:48:01.207-03:00  INFO 831014 --- [utReader-stderr] o.s.boot.docker.compose.core.DockerCli   :  d4a24cdf2433 Download complete 
2023-11-07T20:48:01.272-03:00  INFO 831014 --- [utReader-stderr] o.s.boot.docker.compose.core.DockerCli   :  eba91ca3c7a3 Downloading [=>                                                 ]  3.237MB/104.2MB
2023-11-07T20:48:01.285-03:00  INFO 831014 --- [utReader-stderr] o.s.boot.docker.compose.core.DockerCli   :  b11a1dc32c8c Extracting [==================================================>]  4.619MB/4.619MB
2023-11-07T20:48:01.311-03:00  INFO 831014 --- [utReader-stderr] o.s.boot.docker.compose.core.DockerCli   :  b11a1dc32c8c Pull complete 
2023-11-07T20:48:01.315-03:00  INFO 831014 --- [utReader-stderr] o.s.boot.docker.compose.core.DockerCli   :  f29e8ba9d17c Extracting [=>                                                 ]  32.77kB/1.445MB
2023-11-07T20:48:01.343-03:00  INFO 831014 --- [utReader-stderr] o.s.boot.docker.compose.core.DockerCli   :  f29e8ba9d17c Extracting [==================================================>]  1.445MB/1.445MB
2023-11-07T20:48:01.359-03:00  INFO 831014 --- [utReader-stderr] o.s.boot.docker.compose.core.DockerCli   :  f29e8ba9d17c Pull complete 
2023-11-07T20:48:01.362-03:00  INFO 831014 --- [utReader-stderr] o.s.boot.docker.compose.core.DockerCli   :  78af88a8afb0 Extracting [>                                                  ]   98.3kB/8.065MB
2023-11-07T20:48:01.379-03:00  INFO 831014 --- [utReader-stderr] o.s.boot.docker.compose.core.DockerCli   :  eba91ca3c7a3 Downloading [==>                                                ]  4.298MB/104.2MB
2023-11-07T20:48:01.472-03:00  INFO 831014 --- [utReader-stderr] o.s.boot.docker.compose.core.DockerCli   :  78af88a8afb0 Extracting [=============================>                     ]  4.719MB/8.065MB
2023-11-07T20:48:01.537-03:00  INFO 831014 --- [utReader-stderr] o.s.boot.docker.compose.core.DockerCli   :  eba91ca3c7a3 Downloading [==>                                                ]  5.903MB/104.2MB
2023-11-07T20:48:01.572-03:00  INFO 831014 --- [utReader-stderr] o.s.boot.docker.compose.core.DockerCli   :  78af88a8afb0 Extracting [==============================================>    ]  7.569MB/8.065MB
2023-11-07T20:48:01.585-03:00  INFO 831014 --- [utReader-stderr] o.s.boot.docker.compose.core.DockerCli   :  78af88a8afb0 Extracting [==================================================>]  8.065MB/8.065MB
2023-11-07T20:48:01.608-03:00  INFO 831014 --- [utReader-stderr] o.s.boot.docker.compose.core.DockerCli   :  78af88a8afb0 Pull complete 
2023-11-07T20:48:01.611-03:00  INFO 831014 --- [utReader-stderr] o.s.boot.docker.compose.core.DockerCli   :  b74279c188d9 Extracting [=>                                                 ]  32.77kB/1.406MB
2023-11-07T20:48:01.650-03:00  INFO 831014 --- [utReader-stderr] o.s.boot.docker.compose.core.DockerCli   :  b74279c188d9 Extracting [==================================================>]  1.406MB/1.406MB
2023-11-07T20:48:01.650-03:00  INFO 831014 --- [utReader-stderr] o.s.boot.docker.compose.core.DockerCli   :  b74279c188d9 Extracting [==================================================>]  1.406MB/1.406MB
2023-11-07T20:48:01.663-03:00  INFO 831014 --- [utReader-stderr] o.s.boot.docker.compose.core.DockerCli   :  eba91ca3c7a3 Downloading [===>                                               ]  7.513MB/104.2MB
2023-11-07T20:48:01.670-03:00  INFO 831014 --- [utReader-stderr] o.s.boot.docker.compose.core.DockerCli   :  b74279c188d9 Pull complete 
2023-11-07T20:48:01.673-03:00  INFO 831014 --- [utReader-stderr] o.s.boot.docker.compose.core.DockerCli   :  6e3e5bf64fd2 Extracting [==================================================>]     149B/149B
2023-11-07T20:48:01.673-03:00  INFO 831014 --- [utReader-stderr] o.s.boot.docker.compose.core.DockerCli   :  6e3e5bf64fd2 Extracting [==================================================>]     149B/149B
2023-11-07T20:48:01.689-03:00  INFO 831014 --- [utReader-stderr] o.s.boot.docker.compose.core.DockerCli   :  6e3e5bf64fd2 Pull complete 
2023-11-07T20:48:01.694-03:00  INFO 831014 --- [utReader-stderr] o.s.boot.docker.compose.core.DockerCli   :  b62a2c2d2ce5 Extracting [==================================================>]  3.196kB/3.196kB
2023-11-07T20:48:01.694-03:00  INFO 831014 --- [utReader-stderr] o.s.boot.docker.compose.core.DockerCli   :  b62a2c2d2ce5 Extracting [==================================================>]  3.196kB/3.196kB
2023-11-07T20:48:01.709-03:00  INFO 831014 --- [utReader-stderr] o.s.boot.docker.compose.core.DockerCli   :  b62a2c2d2ce5 Pull complete 
2023-11-07T20:48:01.764-03:00  INFO 831014 --- [utReader-stderr] o.s.boot.docker.compose.core.DockerCli   :  eba91ca3c7a3 Downloading [====>                                              ]  8.594MB/104.2MB
2023-11-07T20:48:01.868-03:00  INFO 831014 --- [utReader-stderr] o.s.boot.docker.compose.core.DockerCli   :  eba91ca3c7a3 Downloading [====>                                              ]  9.663MB/104.2MB
2023-11-07T20:48:01.971-03:00  INFO 831014 --- [utReader-stderr] o.s.boot.docker.compose.core.DockerCli   :  eba91ca3c7a3 Downloading [=====>                                             ]  10.73MB/104.2MB
2023-11-07T20:48:02.107-03:00  INFO 831014 --- [utReader-stderr] o.s.boot.docker.compose.core.DockerCli   :  eba91ca3c7a3 Downloading [=====>                                             ]  12.33MB/104.2MB
2023-11-07T20:48:02.213-03:00  INFO 831014 --- [utReader-stderr] o.s.boot.docker.compose.core.DockerCli   :  eba91ca3c7a3 Downloading [======>                                            ]   13.4MB/104.2MB
2023-11-07T20:48:02.348-03:00  INFO 831014 --- [utReader-stderr] o.s.boot.docker.compose.core.DockerCli   :  eba91ca3c7a3 Downloading [=======>                                           ]  15.03MB/104.2MB
2023-11-07T20:48:02.452-03:00  INFO 831014 --- [utReader-stderr] o.s.boot.docker.compose.core.DockerCli   :  eba91ca3c7a3 Downloading [=======>                                           ]  16.09MB/104.2MB
2023-11-07T20:48:02.482-03:00  INFO 831014 --- [utReader-stderr] o.s.boot.docker.compose.core.DockerCli   :  0361da6a228e Downloading [=======>                                           ]     733B/4.787kB
2023-11-07T20:48:02.482-03:00  INFO 831014 --- [utReader-stderr] o.s.boot.docker.compose.core.DockerCli   :  0361da6a228e Downloading [==================================================>]  4.787kB/4.787kB
2023-11-07T20:48:02.482-03:00  INFO 831014 --- [utReader-stderr] o.s.boot.docker.compose.core.DockerCli   :  0361da6a228e Verifying Checksum 
2023-11-07T20:48:02.482-03:00  INFO 831014 --- [utReader-stderr] o.s.boot.docker.compose.core.DockerCli   :  0361da6a228e Download complete 
2023-11-07T20:48:02.649-03:00  INFO 831014 --- [utReader-stderr] o.s.boot.docker.compose.core.DockerCli   :  eba91ca3c7a3 Downloading [========>                                          ]  17.72MB/104.2MB
2023-11-07T20:48:02.681-03:00  INFO 831014 --- [utReader-stderr] o.s.boot.docker.compose.core.DockerCli   :  e0731dd084c3 Downloading [==================================================>]     201B/201B
2023-11-07T20:48:02.681-03:00  INFO 831014 --- [utReader-stderr] o.s.boot.docker.compose.core.DockerCli   :  e0731dd084c3 Download complete 
2023-11-07T20:48:02.777-03:00  INFO 831014 --- [utReader-stderr] o.s.boot.docker.compose.core.DockerCli   :  eba91ca3c7a3 Downloading [=========>                                         ]  19.33MB/104.2MB
2023-11-07T20:48:02.903-03:00  INFO 831014 --- [utReader-stderr] o.s.boot.docker.compose.core.DockerCli   :  eba91ca3c7a3 Downloading [==========>                                        ]  20.94MB/104.2MB
2023-11-07T20:48:03.061-03:00  INFO 831014 --- [utReader-stderr] o.s.boot.docker.compose.core.DockerCli   :  eba91ca3c7a3 Downloading [==========>                                        ]  22.54MB/104.2MB
2023-11-07T20:48:03.193-03:00  INFO 831014 --- [utReader-stderr] o.s.boot.docker.compose.core.DockerCli   :  eba91ca3c7a3 Downloading [===========>                                       ]  24.16MB/104.2MB
2023-11-07T20:48:03.306-03:00  INFO 831014 --- [utReader-stderr] o.s.boot.docker.compose.core.DockerCli   :  eba91ca3c7a3 Downloading [============>                                      ]  25.77MB/104.2MB
2023-11-07T20:48:03.444-03:00  INFO 831014 --- [utReader-stderr] o.s.boot.docker.compose.core.DockerCli   :  eba91ca3c7a3 Downloading [=============>                                     ]  27.39MB/104.2MB
2023-11-07T20:48:03.564-03:00  INFO 831014 --- [utReader-stderr] o.s.boot.docker.compose.core.DockerCli   :  eba91ca3c7a3 Downloading [=============>                                     ]  28.99MB/104.2MB
2023-11-07T20:48:03.693-03:00  INFO 831014 --- [utReader-stderr] o.s.boot.docker.compose.core.DockerCli   :  eba91ca3c7a3 Downloading [==============>                                    ]  30.59MB/104.2MB
2023-11-07T20:48:03.823-03:00  INFO 831014 --- [utReader-stderr] o.s.boot.docker.compose.core.DockerCli   :  eba91ca3c7a3 Downloading [===============>                                   ]  32.21MB/104.2MB
2023-11-07T20:48:03.962-03:00  INFO 831014 --- [utReader-stderr] o.s.boot.docker.compose.core.DockerCli   :  eba91ca3c7a3 Downloading [================>                                  ]  33.81MB/104.2MB
2023-11-07T20:48:04.086-03:00  INFO 831014 --- [utReader-stderr] o.s.boot.docker.compose.core.DockerCli   :  eba91ca3c7a3 Downloading [================>                                  ]  34.87MB/104.2MB
2023-11-07T20:48:04.196-03:00  INFO 831014 --- [utReader-stderr] o.s.boot.docker.compose.core.DockerCli   :  eba91ca3c7a3 Downloading [=================>                                 ]  35.94MB/104.2MB
2023-11-07T20:48:04.321-03:00  INFO 831014 --- [utReader-stderr] o.s.boot.docker.compose.core.DockerCli   :  eba91ca3c7a3 Downloading [==================>                                ]  37.55MB/104.2MB
2023-11-07T20:48:04.468-03:00  INFO 831014 --- [utReader-stderr] o.s.boot.docker.compose.core.DockerCli   :  eba91ca3c7a3 Downloading [==================>                                ]  39.15MB/104.2MB
2023-11-07T20:48:04.579-03:00  INFO 831014 --- [utReader-stderr] o.s.boot.docker.compose.core.DockerCli   :  eba91ca3c7a3 Downloading [===================>                               ]  40.76MB/104.2MB
2023-11-07T20:48:04.711-03:00  INFO 831014 --- [utReader-stderr] o.s.boot.docker.compose.core.DockerCli   :  eba91ca3c7a3 Downloading [====================>                              ]  42.37MB/104.2MB
2023-11-07T20:48:04.835-03:00  INFO 831014 --- [utReader-stderr] o.s.boot.docker.compose.core.DockerCli   :  eba91ca3c7a3 Downloading [=====================>                             ]  43.97MB/104.2MB
2023-11-07T20:48:04.977-03:00  INFO 831014 --- [utReader-stderr] o.s.boot.docker.compose.core.DockerCli   :  eba91ca3c7a3 Downloading [=====================>                             ]  45.58MB/104.2MB
2023-11-07T20:48:05.098-03:00  INFO 831014 --- [utReader-stderr] o.s.boot.docker.compose.core.DockerCli   :  eba91ca3c7a3 Downloading [======================>                            ]   47.2MB/104.2MB
2023-11-07T20:48:05.215-03:00  INFO 831014 --- [utReader-stderr] o.s.boot.docker.compose.core.DockerCli   :  eba91ca3c7a3 Downloading [=======================>                           ]  48.82MB/104.2MB
2023-11-07T20:48:05.350-03:00  INFO 831014 --- [utReader-stderr] o.s.boot.docker.compose.core.DockerCli   :  eba91ca3c7a3 Downloading [========================>                          ]  50.44MB/104.2MB
2023-11-07T20:48:05.481-03:00  INFO 831014 --- [utReader-stderr] o.s.boot.docker.compose.core.DockerCli   :  eba91ca3c7a3 Downloading [========================>                          ]  52.05MB/104.2MB
2023-11-07T20:48:05.605-03:00  INFO 831014 --- [utReader-stderr] o.s.boot.docker.compose.core.DockerCli   :  eba91ca3c7a3 Downloading [=========================>                         ]  53.65MB/104.2MB
2023-11-07T20:48:05.730-03:00  INFO 831014 --- [utReader-stderr] o.s.boot.docker.compose.core.DockerCli   :  eba91ca3c7a3 Downloading [==========================>                        ]  55.26MB/104.2MB
2023-11-07T20:48:05.848-03:00  INFO 831014 --- [utReader-stderr] o.s.boot.docker.compose.core.DockerCli   :  eba91ca3c7a3 Downloading [===========================>                       ]  56.87MB/104.2MB
2023-11-07T20:48:05.980-03:00  INFO 831014 --- [utReader-stderr] o.s.boot.docker.compose.core.DockerCli   :  eba91ca3c7a3 Downloading [============================>                      ]  58.49MB/104.2MB
2023-11-07T20:48:06.118-03:00  INFO 831014 --- [utReader-stderr] o.s.boot.docker.compose.core.DockerCli   :  eba91ca3c7a3 Downloading [============================>                      ]   60.1MB/104.2MB
2023-11-07T20:48:06.242-03:00  INFO 831014 --- [utReader-stderr] o.s.boot.docker.compose.core.DockerCli   :  eba91ca3c7a3 Downloading [=============================>                     ]  61.71MB/104.2MB
2023-11-07T20:48:06.369-03:00  INFO 831014 --- [utReader-stderr] o.s.boot.docker.compose.core.DockerCli   :  eba91ca3c7a3 Downloading [==============================>                    ]  63.33MB/104.2MB
2023-11-07T20:48:06.515-03:00  INFO 831014 --- [utReader-stderr] o.s.boot.docker.compose.core.DockerCli   :  eba91ca3c7a3 Downloading [===============================>                   ]  65.46MB/104.2MB
2023-11-07T20:48:06.623-03:00  INFO 831014 --- [utReader-stderr] o.s.boot.docker.compose.core.DockerCli   :  eba91ca3c7a3 Downloading [================================>                  ]  67.07MB/104.2MB
2023-11-07T20:48:06.744-03:00  INFO 831014 --- [utReader-stderr] o.s.boot.docker.compose.core.DockerCli   :  eba91ca3c7a3 Downloading [================================>                  ]  68.68MB/104.2MB
2023-11-07T20:48:06.868-03:00  INFO 831014 --- [utReader-stderr] o.s.boot.docker.compose.core.DockerCli   :  eba91ca3c7a3 Downloading [=================================>                 ]  70.28MB/104.2MB
2023-11-07T20:48:06.978-03:00  INFO 831014 --- [utReader-stderr] o.s.boot.docker.compose.core.DockerCli   :  eba91ca3c7a3 Downloading [==================================>                ]   71.9MB/104.2MB
2023-11-07T20:48:07.097-03:00  INFO 831014 --- [utReader-stderr] o.s.boot.docker.compose.core.DockerCli   :  eba91ca3c7a3 Downloading [===================================>               ]  73.51MB/104.2MB
2023-11-07T20:48:07.202-03:00  INFO 831014 --- [utReader-stderr] o.s.boot.docker.compose.core.DockerCli   :  eba91ca3c7a3 Downloading [===================================>               ]  74.59MB/104.2MB
2023-11-07T20:48:07.321-03:00  INFO 831014 --- [utReader-stderr] o.s.boot.docker.compose.core.DockerCli   :  eba91ca3c7a3 Downloading [====================================>              ]  76.19MB/104.2MB
2023-11-07T20:48:08.005-03:00  INFO 831014 --- [utReader-stderr] o.s.boot.docker.compose.core.DockerCli   :  eba91ca3c7a3 Downloading [=====================================>             ]  77.26MB/104.2MB
2023-11-07T20:48:08.394-03:00  INFO 831014 --- [utReader-stderr] o.s.boot.docker.compose.core.DockerCli   :  eba91ca3c7a3 Downloading [=====================================>             ]   77.8MB/104.2MB
2023-11-07T20:48:08.652-03:00  INFO 831014 --- [utReader-stderr] o.s.boot.docker.compose.core.DockerCli   :  eba91ca3c7a3 Downloading [=====================================>             ]  78.34MB/104.2MB
2023-11-07T20:48:08.842-03:00  INFO 831014 --- [utReader-stderr] o.s.boot.docker.compose.core.DockerCli   :  eba91ca3c7a3 Downloading [=====================================>             ]  78.88MB/104.2MB
2023-11-07T20:48:09.089-03:00  INFO 831014 --- [utReader-stderr] o.s.boot.docker.compose.core.DockerCli   :  eba91ca3c7a3 Downloading [======================================>            ]  79.42MB/104.2MB
2023-11-07T20:48:09.360-03:00  INFO 831014 --- [utReader-stderr] o.s.boot.docker.compose.core.DockerCli   :  eba91ca3c7a3 Downloading [======================================>            ]  79.95MB/104.2MB
2023-11-07T20:48:09.576-03:00  INFO 831014 --- [utReader-stderr] o.s.boot.docker.compose.core.DockerCli   :  eba91ca3c7a3 Downloading [======================================>            ]   80.5MB/104.2MB
2023-11-07T20:48:09.784-03:00  INFO 831014 --- [utReader-stderr] o.s.boot.docker.compose.core.DockerCli   :  eba91ca3c7a3 Downloading [======================================>            ]  81.03MB/104.2MB
2023-11-07T20:48:09.971-03:00  INFO 831014 --- [utReader-stderr] o.s.boot.docker.compose.core.DockerCli   :  eba91ca3c7a3 Downloading [=======================================>           ]  81.57MB/104.2MB
2023-11-07T20:48:10.212-03:00  INFO 831014 --- [utReader-stderr] o.s.boot.docker.compose.core.DockerCli   :  eba91ca3c7a3 Downloading [=======================================>           ]  82.11MB/104.2MB
2023-11-07T20:48:10.417-03:00  INFO 831014 --- [utReader-stderr] o.s.boot.docker.compose.core.DockerCli   :  eba91ca3c7a3 Downloading [=======================================>           ]  82.65MB/104.2MB
2023-11-07T20:48:10.693-03:00  INFO 831014 --- [utReader-stderr] o.s.boot.docker.compose.core.DockerCli   :  eba91ca3c7a3 Downloading [=======================================>           ]  83.18MB/104.2MB
2023-11-07T20:48:11.035-03:00  INFO 831014 --- [utReader-stderr] o.s.boot.docker.compose.core.DockerCli   :  eba91ca3c7a3 Downloading [========================================>          ]  83.72MB/104.2MB
2023-11-07T20:48:11.294-03:00  INFO 831014 --- [utReader-stderr] o.s.boot.docker.compose.core.DockerCli   :  eba91ca3c7a3 Downloading [========================================>          ]  84.26MB/104.2MB
2023-11-07T20:48:11.539-03:00  INFO 831014 --- [utReader-stderr] o.s.boot.docker.compose.core.DockerCli   :  eba91ca3c7a3 Downloading [========================================>          ]  84.79MB/104.2MB
2023-11-07T20:48:11.747-03:00  INFO 831014 --- [utReader-stderr] o.s.boot.docker.compose.core.DockerCli   :  eba91ca3c7a3 Downloading [========================================>          ]  85.32MB/104.2MB
2023-11-07T20:48:11.975-03:00  INFO 831014 --- [utReader-stderr] o.s.boot.docker.compose.core.DockerCli   :  eba91ca3c7a3 Downloading [=========================================>         ]  85.85MB/104.2MB
2023-11-07T20:48:12.231-03:00  INFO 831014 --- [utReader-stderr] o.s.boot.docker.compose.core.DockerCli   :  eba91ca3c7a3 Downloading [=========================================>         ]  86.39MB/104.2MB
2023-11-07T20:48:12.496-03:00  INFO 831014 --- [utReader-stderr] o.s.boot.docker.compose.core.DockerCli   :  eba91ca3c7a3 Downloading [=========================================>         ]  86.93MB/104.2MB
2023-11-07T20:48:12.758-03:00  INFO 831014 --- [utReader-stderr] o.s.boot.docker.compose.core.DockerCli   :  eba91ca3c7a3 Downloading [=========================================>         ]  87.46MB/104.2MB
2023-11-07T20:48:13.130-03:00  INFO 831014 --- [utReader-stderr] o.s.boot.docker.compose.core.DockerCli   :  eba91ca3c7a3 Downloading [==========================================>        ]     88MB/104.2MB
2023-11-07T20:48:13.443-03:00  INFO 831014 --- [utReader-stderr] o.s.boot.docker.compose.core.DockerCli   :  eba91ca3c7a3 Downloading [==========================================>        ]  88.54MB/104.2MB
2023-11-07T20:48:13.766-03:00  INFO 831014 --- [utReader-stderr] o.s.boot.docker.compose.core.DockerCli   :  eba91ca3c7a3 Downloading [==========================================>        ]  89.07MB/104.2MB
2023-11-07T20:48:14.045-03:00  INFO 831014 --- [utReader-stderr] o.s.boot.docker.compose.core.DockerCli   :  eba91ca3c7a3 Downloading [===========================================>       ]  89.61MB/104.2MB
2023-11-07T20:48:14.276-03:00  INFO 831014 --- [utReader-stderr] o.s.boot.docker.compose.core.DockerCli   :  eba91ca3c7a3 Downloading [===========================================>       ]  90.15MB/104.2MB
2023-11-07T20:48:14.542-03:00  INFO 831014 --- [utReader-stderr] o.s.boot.docker.compose.core.DockerCli   :  eba91ca3c7a3 Downloading [===========================================>       ]  90.69MB/104.2MB
2023-11-07T20:48:14.819-03:00  INFO 831014 --- [utReader-stderr] o.s.boot.docker.compose.core.DockerCli   :  eba91ca3c7a3 Downloading [===========================================>       ]  91.22MB/104.2MB
2023-11-07T20:48:15.073-03:00  INFO 831014 --- [utReader-stderr] o.s.boot.docker.compose.core.DockerCli   :  eba91ca3c7a3 Downloading [============================================>      ]  91.76MB/104.2MB
2023-11-07T20:48:15.284-03:00  INFO 831014 --- [utReader-stderr] o.s.boot.docker.compose.core.DockerCli   :  eba91ca3c7a3 Downloading [============================================>      ]   92.3MB/104.2MB
2023-11-07T20:48:15.471-03:00  INFO 831014 --- [utReader-stderr] o.s.boot.docker.compose.core.DockerCli   :  eba91ca3c7a3 Downloading [============================================>      ]  92.83MB/104.2MB
2023-11-07T20:48:15.780-03:00  INFO 831014 --- [utReader-stderr] o.s.boot.docker.compose.core.DockerCli   :  eba91ca3c7a3 Downloading [============================================>      ]  93.37MB/104.2MB
2023-11-07T20:48:15.979-03:00  INFO 831014 --- [utReader-stderr] o.s.boot.docker.compose.core.DockerCli   :  eba91ca3c7a3 Downloading [=============================================>     ]   93.9MB/104.2MB
2023-11-07T20:48:16.226-03:00  INFO 831014 --- [utReader-stderr] o.s.boot.docker.compose.core.DockerCli   :  eba91ca3c7a3 Downloading [=============================================>     ]  94.44MB/104.2MB
2023-11-07T20:48:16.441-03:00  INFO 831014 --- [utReader-stderr] o.s.boot.docker.compose.core.DockerCli   :  eba91ca3c7a3 Downloading [=============================================>     ]  94.98MB/104.2MB
2023-11-07T20:48:16.663-03:00  INFO 831014 --- [utReader-stderr] o.s.boot.docker.compose.core.DockerCli   :  eba91ca3c7a3 Downloading [=============================================>     ]  95.51MB/104.2MB
2023-11-07T20:48:16.850-03:00  INFO 831014 --- [utReader-stderr] o.s.boot.docker.compose.core.DockerCli   :  eba91ca3c7a3 Downloading [==============================================>    ]  96.04MB/104.2MB
2023-11-07T20:48:17.032-03:00  INFO 831014 --- [utReader-stderr] o.s.boot.docker.compose.core.DockerCli   :  eba91ca3c7a3 Downloading [==============================================>    ]  96.58MB/104.2MB
2023-11-07T20:48:17.420-03:00  INFO 831014 --- [utReader-stderr] o.s.boot.docker.compose.core.DockerCli   :  eba91ca3c7a3 Downloading [==============================================>    ]  97.12MB/104.2MB
2023-11-07T20:48:17.594-03:00  INFO 831014 --- [utReader-stderr] o.s.boot.docker.compose.core.DockerCli   :  eba91ca3c7a3 Downloading [==============================================>    ]  97.66MB/104.2MB
2023-11-07T20:48:17.753-03:00  INFO 831014 --- [utReader-stderr] o.s.boot.docker.compose.core.DockerCli   :  eba91ca3c7a3 Downloading [===============================================>   ]  98.19MB/104.2MB
2023-11-07T20:48:17.914-03:00  INFO 831014 --- [utReader-stderr] o.s.boot.docker.compose.core.DockerCli   :  eba91ca3c7a3 Downloading [===============================================>   ]  98.73MB/104.2MB
2023-11-07T20:48:18.063-03:00  INFO 831014 --- [utReader-stderr] o.s.boot.docker.compose.core.DockerCli   :  eba91ca3c7a3 Downloading [===============================================>   ]  99.27MB/104.2MB
2023-11-07T20:48:18.250-03:00  INFO 831014 --- [utReader-stderr] o.s.boot.docker.compose.core.DockerCli   :  eba91ca3c7a3 Downloading [===============================================>   ]  99.81MB/104.2MB
2023-11-07T20:48:18.444-03:00  INFO 831014 --- [utReader-stderr] o.s.boot.docker.compose.core.DockerCli   :  eba91ca3c7a3 Downloading [================================================>  ]  100.4MB/104.2MB
2023-11-07T20:48:18.578-03:00  INFO 831014 --- [utReader-stderr] o.s.boot.docker.compose.core.DockerCli   :  eba91ca3c7a3 Downloading [================================================>  ]  100.9MB/104.2MB
2023-11-07T20:48:18.702-03:00  INFO 831014 --- [utReader-stderr] o.s.boot.docker.compose.core.DockerCli   :  eba91ca3c7a3 Downloading [================================================>  ]  101.4MB/104.2MB
2023-11-07T20:48:18.820-03:00  INFO 831014 --- [utReader-stderr] o.s.boot.docker.compose.core.DockerCli   :  eba91ca3c7a3 Downloading [================================================>  ]    102MB/104.2MB
2023-11-07T20:48:18.922-03:00  INFO 831014 --- [utReader-stderr] o.s.boot.docker.compose.core.DockerCli   :  eba91ca3c7a3 Downloading [=================================================> ]  102.5MB/104.2MB
2023-11-07T20:48:19.063-03:00  INFO 831014 --- [utReader-stderr] o.s.boot.docker.compose.core.DockerCli   :  eba91ca3c7a3 Downloading [=================================================> ]    103MB/104.2MB
2023-11-07T20:48:19.175-03:00  INFO 831014 --- [utReader-stderr] o.s.boot.docker.compose.core.DockerCli   :  eba91ca3c7a3 Downloading [=================================================> ]  103.6MB/104.2MB
2023-11-07T20:48:19.282-03:00  INFO 831014 --- [utReader-stderr] o.s.boot.docker.compose.core.DockerCli   :  eba91ca3c7a3 Downloading [=================================================> ]  104.1MB/104.2MB
2023-11-07T20:48:19.291-03:00  INFO 831014 --- [utReader-stderr] o.s.boot.docker.compose.core.DockerCli   :  eba91ca3c7a3 Verifying Checksum 
2023-11-07T20:48:19.291-03:00  INFO 831014 --- [utReader-stderr] o.s.boot.docker.compose.core.DockerCli   :  eba91ca3c7a3 Download complete 
2023-11-07T20:48:19.319-03:00  INFO 831014 --- [utReader-stderr] o.s.boot.docker.compose.core.DockerCli   :  eba91ca3c7a3 Extracting [>                                                  ]  557.1kB/104.2MB
2023-11-07T20:48:19.432-03:00  INFO 831014 --- [utReader-stderr] o.s.boot.docker.compose.core.DockerCli   :  eba91ca3c7a3 Extracting [===>                                               ]  7.799MB/104.2MB
2023-11-07T20:48:19.538-03:00  INFO 831014 --- [utReader-stderr] o.s.boot.docker.compose.core.DockerCli   :  eba91ca3c7a3 Extracting [======>                                            ]  14.48MB/104.2MB
2023-11-07T20:48:19.647-03:00  INFO 831014 --- [utReader-stderr] o.s.boot.docker.compose.core.DockerCli   :  eba91ca3c7a3 Extracting [==========>                                        ]  21.73MB/104.2MB
2023-11-07T20:48:19.749-03:00  INFO 831014 --- [utReader-stderr] o.s.boot.docker.compose.core.DockerCli   :  eba91ca3c7a3 Extracting [============>                                      ]  26.74MB/104.2MB
2023-11-07T20:48:19.850-03:00  INFO 831014 --- [utReader-stderr] o.s.boot.docker.compose.core.DockerCli   :  eba91ca3c7a3 Extracting [================>                                  ]  35.09MB/104.2MB
2023-11-07T20:48:19.955-03:00  INFO 831014 --- [utReader-stderr] o.s.boot.docker.compose.core.DockerCli   :  eba91ca3c7a3 Extracting [====================>                              ]  43.45MB/104.2MB
2023-11-07T20:48:20.068-03:00  INFO 831014 --- [utReader-stderr] o.s.boot.docker.compose.core.DockerCli   :  eba91ca3c7a3 Extracting [========================>                          ]  50.14MB/104.2MB
2023-11-07T20:48:20.171-03:00  INFO 831014 --- [utReader-stderr] o.s.boot.docker.compose.core.DockerCli   :  eba91ca3c7a3 Extracting [=========================>                         ]  53.48MB/104.2MB
2023-11-07T20:48:20.278-03:00  INFO 831014 --- [utReader-stderr] o.s.boot.docker.compose.core.DockerCli   :  eba91ca3c7a3 Extracting [===========================>                       ]  57.93MB/104.2MB
2023-11-07T20:48:20.379-03:00  INFO 831014 --- [utReader-stderr] o.s.boot.docker.compose.core.DockerCli   :  eba91ca3c7a3 Extracting [===============================>                   ]  65.18MB/104.2MB
2023-11-07T20:48:20.481-03:00  INFO 831014 --- [utReader-stderr] o.s.boot.docker.compose.core.DockerCli   :  eba91ca3c7a3 Extracting [==================================>                ]  72.42MB/104.2MB
2023-11-07T20:48:20.582-03:00  INFO 831014 --- [utReader-stderr] o.s.boot.docker.compose.core.DockerCli   :  eba91ca3c7a3 Extracting [=====================================>             ]  78.54MB/104.2MB
2023-11-07T20:48:20.683-03:00  INFO 831014 --- [utReader-stderr] o.s.boot.docker.compose.core.DockerCli   :  eba91ca3c7a3 Extracting [=========================================>         ]  86.34MB/104.2MB
2023-11-07T20:48:20.789-03:00  INFO 831014 --- [utReader-stderr] o.s.boot.docker.compose.core.DockerCli   :  eba91ca3c7a3 Extracting [===========================================>       ]  89.69MB/104.2MB
2023-11-07T20:48:20.904-03:00  INFO 831014 --- [utReader-stderr] o.s.boot.docker.compose.core.DockerCli   :  eba91ca3c7a3 Extracting [============================================>      ]  93.59MB/104.2MB
2023-11-07T20:48:21.004-03:00  INFO 831014 --- [utReader-stderr] o.s.boot.docker.compose.core.DockerCli   :  eba91ca3c7a3 Extracting [==============================================>    ]  96.93MB/104.2MB
2023-11-07T20:48:21.112-03:00  INFO 831014 --- [utReader-stderr] o.s.boot.docker.compose.core.DockerCli   :  eba91ca3c7a3 Extracting [===============================================>   ]  99.71MB/104.2MB
2023-11-07T20:48:21.218-03:00  INFO 831014 --- [utReader-stderr] o.s.boot.docker.compose.core.DockerCli   :  eba91ca3c7a3 Extracting [================================================>  ]  101.9MB/104.2MB
2023-11-07T20:48:21.345-03:00  INFO 831014 --- [utReader-stderr] o.s.boot.docker.compose.core.DockerCli   :  eba91ca3c7a3 Extracting [=================================================> ]  103.1MB/104.2MB
2023-11-07T20:48:21.420-03:00  INFO 831014 --- [utReader-stderr] o.s.boot.docker.compose.core.DockerCli   :  eba91ca3c7a3 Extracting [==================================================>]  104.2MB/104.2MB
2023-11-07T20:48:21.465-03:00  INFO 831014 --- [utReader-stderr] o.s.boot.docker.compose.core.DockerCli   :  eba91ca3c7a3 Pull complete 
2023-11-07T20:48:21.470-03:00  INFO 831014 --- [utReader-stderr] o.s.boot.docker.compose.core.DockerCli   :  d4a24cdf2433 Extracting [==================================================>]  9.784kB/9.784kB
2023-11-07T20:48:21.470-03:00  INFO 831014 --- [utReader-stderr] o.s.boot.docker.compose.core.DockerCli   :  d4a24cdf2433 Extracting [==================================================>]  9.784kB/9.784kB
2023-11-07T20:48:21.488-03:00  INFO 831014 --- [utReader-stderr] o.s.boot.docker.compose.core.DockerCli   :  d4a24cdf2433 Pull complete 
2023-11-07T20:48:21.492-03:00  INFO 831014 --- [utReader-stderr] o.s.boot.docker.compose.core.DockerCli   :  b20f8a8dfd5c Extracting [==================================================>]     130B/130B
2023-11-07T20:48:21.493-03:00  INFO 831014 --- [utReader-stderr] o.s.boot.docker.compose.core.DockerCli   :  b20f8a8dfd5c Extracting [==================================================>]     130B/130B
2023-11-07T20:48:21.508-03:00  INFO 831014 --- [utReader-stderr] o.s.boot.docker.compose.core.DockerCli   :  b20f8a8dfd5c Pull complete 
2023-11-07T20:48:21.511-03:00  INFO 831014 --- [utReader-stderr] o.s.boot.docker.compose.core.DockerCli   :  e0731dd084c3 Extracting [==================================================>]     201B/201B
2023-11-07T20:48:21.511-03:00  INFO 831014 --- [utReader-stderr] o.s.boot.docker.compose.core.DockerCli   :  e0731dd084c3 Extracting [==================================================>]     201B/201B
2023-11-07T20:48:21.528-03:00  INFO 831014 --- [utReader-stderr] o.s.boot.docker.compose.core.DockerCli   :  e0731dd084c3 Pull complete 
2023-11-07T20:48:21.531-03:00  INFO 831014 --- [utReader-stderr] o.s.boot.docker.compose.core.DockerCli   :  0361da6a228e Extracting [==================================================>]  4.787kB/4.787kB
2023-11-07T20:48:21.531-03:00  INFO 831014 --- [utReader-stderr] o.s.boot.docker.compose.core.DockerCli   :  0361da6a228e Extracting [==================================================>]  4.787kB/4.787kB
2023-11-07T20:48:21.549-03:00  INFO 831014 --- [utReader-stderr] o.s.boot.docker.compose.core.DockerCli   :  0361da6a228e Pull complete 
2023-11-07T20:48:21.567-03:00  INFO 831014 --- [utReader-stderr] o.s.boot.docker.compose.core.DockerCli   :  postgres Pulled 
2023-11-07T20:48:21.569-03:00  INFO 831014 --- [utReader-stderr] o.s.boot.docker.compose.core.DockerCli   :  Network spring-petclinic_default  Creating
2023-11-07T20:48:21.615-03:00  INFO 831014 --- [utReader-stderr] o.s.boot.docker.compose.core.DockerCli   :  Network spring-petclinic_default  Created
2023-11-07T20:48:21.615-03:00  INFO 831014 --- [utReader-stderr] o.s.boot.docker.compose.core.DockerCli   :  Container spring-petclinic-postgres-1  Creating
2023-11-07T20:48:21.876-03:00  INFO 831014 --- [utReader-stderr] o.s.boot.docker.compose.core.DockerCli   :  Container spring-petclinic-postgres-1  Created
2023-11-07T20:48:21.877-03:00  INFO 831014 --- [utReader-stderr] o.s.boot.docker.compose.core.DockerCli   :  Container spring-petclinic-postgres-1  Starting
2023-11-07T20:48:22.191-03:00  INFO 831014 --- [utReader-stderr] o.s.boot.docker.compose.core.DockerCli   :  Container spring-petclinic-postgres-1  Started
2023-11-07T20:48:22.191-03:00  INFO 831014 --- [utReader-stderr] o.s.boot.docker.compose.core.DockerCli   :  Container spring-petclinic-postgres-1  Waiting
2023-11-07T20:48:22.692-03:00  INFO 831014 --- [utReader-stderr] o.s.boot.docker.compose.core.DockerCli   :  Container spring-petclinic-postgres-1  Healthy
2023-11-07T20:48:25.639-03:00  INFO 831014 --- [           main] .s.d.r.c.RepositoryConfigurationDelegate : Bootstrapping Spring Data JPA repositories in DEFAULT mode.
2023-11-07T20:48:25.786-03:00  INFO 831014 --- [           main] .s.d.r.c.RepositoryConfigurationDelegate : Finished Spring Data repository scanning in 129 ms. Found 2 JPA repository interfaces.
2023-11-07T20:48:26.665-03:00  INFO 831014 --- [           main] o.s.b.w.embedded.tomcat.TomcatWebServer  : Tomcat initialized with port(s): 0 (http)
2023-11-07T20:48:26.680-03:00  INFO 831014 --- [           main] o.apache.catalina.core.StandardService   : Starting service [Tomcat]
2023-11-07T20:48:26.681-03:00  INFO 831014 --- [           main] o.apache.catalina.core.StandardEngine    : Starting Servlet engine: [Apache Tomcat/10.1.12]
2023-11-07T20:48:26.804-03:00  INFO 831014 --- [           main] o.a.c.c.C.[Tomcat].[localhost].[/]       : Initializing Spring embedded WebApplicationContext
2023-11-07T20:48:26.806-03:00  INFO 831014 --- [           main] w.s.c.ServletWebServerApplicationContext : Root WebApplicationContext: initialization completed in 2766 ms
2023-11-07T20:48:27.196-03:00  INFO 831014 --- [           main] com.zaxxer.hikari.HikariDataSource       : HikariPool-1 - Starting...
2023-11-07T20:48:27.613-03:00  INFO 831014 --- [           main] com.zaxxer.hikari.pool.HikariPool        : HikariPool-1 - Added connection org.postgresql.jdbc.PgConnection@1adf492b
2023-11-07T20:48:27.618-03:00  INFO 831014 --- [           main] com.zaxxer.hikari.HikariDataSource       : HikariPool-1 - Start completed.
2023-11-07T20:48:27.953-03:00  INFO 831014 --- [           main] o.hibernate.jpa.internal.util.LogHelper  : HHH000204: Processing PersistenceUnitInfo [name: default]
2023-11-07T20:48:28.071-03:00  INFO 831014 --- [           main] org.hibernate.Version                    : HHH000412: Hibernate ORM core version 6.2.7.Final
2023-11-07T20:48:28.076-03:00  INFO 831014 --- [           main] org.hibernate.cfg.Environment            : HHH000406: Using bytecode reflection optimizer
2023-11-07T20:48:28.323-03:00  INFO 831014 --- [           main] o.h.b.i.BytecodeProviderInitiator        : HHH000021: Bytecode provider name : bytebuddy
2023-11-07T20:48:28.524-03:00  INFO 831014 --- [           main] o.s.o.j.p.SpringPersistenceUnitInfo      : No LoadTimeWeaver setup: ignoring JPA class transformer
2023-11-07T20:48:28.958-03:00  INFO 831014 --- [           main] o.h.b.i.BytecodeProviderInitiator        : HHH000021: Bytecode provider name : bytebuddy
2023-11-07T20:48:30.217-03:00  INFO 831014 --- [           main] o.h.e.t.j.p.i.JtaPlatformInitiator       : HHH000490: Using JtaPlatform implementation: [org.hibernate.engine.transaction.jta.platform.internal.NoJtaPlatform]
2023-11-07T20:48:30.219-03:00  INFO 831014 --- [           main] j.LocalContainerEntityManagerFactoryBean : Initialized JPA EntityManagerFactory for persistence unit 'default'
2023-11-07T20:48:30.555-03:00  INFO 831014 --- [           main] o.s.d.j.r.query.QueryEnhancerFactory     : Hibernate is in classpath; If applicable, HQL parser will be used.
2023-11-07T20:48:32.253-03:00  INFO 831014 --- [           main] o.s.b.a.e.web.EndpointLinksResolver      : Exposing 13 endpoint(s) beneath base path '/actuator'
2023-11-07T20:48:32.368-03:00  INFO 831014 --- [           main] o.s.b.w.embedded.tomcat.TomcatWebServer  : Tomcat started on port(s): 34191 (http) with context path ''
2023-11-07T20:48:32.381-03:00  INFO 831014 --- [           main] o.s.s.p.PostgresIntegrationTests         : Started PostgresIntegrationTests in 41.47 seconds (process running for 50.77)
]]></system-out>
  </testcase>
  <testcase name="testOwnerDetails" classname="org.springframework.samples.petclinic.PostgresIntegrationTests" time="0.91">
    <system-out><![CDATA[2023-11-07T20:48:33.626-03:00  INFO 831014 --- [o-auto-1-exec-1] o.a.c.c.C.[Tomcat].[localhost].[/]       : Initializing Spring DispatcherServlet 'dispatcherServlet'
2023-11-07T20:48:33.626-03:00  INFO 831014 --- [o-auto-1-exec-1] o.s.web.servlet.DispatcherServlet        : Initializing Servlet 'dispatcherServlet'
2023-11-07T20:48:33.628-03:00  INFO 831014 --- [o-auto-1-exec-1] o.s.web.servlet.DispatcherServlet        : Completed initialization in 2 ms
]]></system-out>
  </testcase>
</testsuite>